LoggerC.py                  52 INFO     Test_Allure.Test_Logger.test_B_TShirts: xpath //*[@id="block_top_menu"]/ul/li[1]/a
LoggerC.py                  52 INFO     Test_Allure.Test_Logger.test_B_TShirts: xpath //*[@id="block_top_menu"]/ul/li[3]/a
LoggerC.py                  61 ERROR    Test_Allure.Test_Logger.test_B_TShirts: (<class 'AssertionError'>, AssertionError("'rgba(0, 0, 0, 0)' != 'rgba(51, 51, 51, 1)'\n- rgba(0, 0, 0, 0)\n+ rgba(51, 51, 51, 1)\n",), <traceback object at 0x04CAC2D8>)