# INFO     [2018-09-27 13:52:07,591]#  before_find   -> Test_Allure.Test_Logger.test_A_Women: xpath //*[@id="block_top_menu"]/ul/li[1]/a
# INFO     [2018-09-27 13:52:15,701]#  before_find   -> Test_Allure.Test_Logger.test_B_TShirts: xpath //*[@id="block_top_menu"]/ul/li[1]/a
# INFO     [2018-09-27 13:52:15,725]#  before_find   -> Test_Allure.Test_Logger.test_B_TShirts: xpath //*[@id="block_top_menu"]/ul/li[3]/a
# ERROR    [2018-09-27 13:52:17,743]#  on_exception  -> Test_Allure.Test_Logger.test_B_TShirts: (<class 'AssertionError'>, AssertionError("'rgba(0, 0, 0, 0)' != 'rgba(51, 51, 51, 1)'\n- rgba(0, 0, 0, 0)\n+ rgba(51, 51, 51, 1)\n",), <traceback object at 0x04CAC2D8>)
