# INFO     [2018-10-01 12:39:40,540]#  before_find   -> __main__.Test_Logger.test_A_Women: xpath //*[@id="block_top_menu"]/ul/li[1]/a
# INFO     [2018-10-01 12:39:47,679]#  before_find   -> __main__.Test_Logger.test_B_TShirts: xpath //*[@id="block_top_menu"]/ul/li[1]/a
# INFO     [2018-10-01 12:39:47,702]#  before_find   -> __main__.Test_Logger.test_B_TShirts: xpath //*[@id="block_top_menu"]/ul/li[3]/a
# ERROR    [2018-10-01 12:39:49,722]#  on_exception  -> __main__.Test_Logger.test_B_TShirts: (<class 'AssertionError'>, AssertionError("'rgba(0, 0, 0, 0)' != 'rgba(51, 51, 51, 1)'\n- rgba(0, 0, 0, 0)\n+ rgba(51, 51, 51, 1)\n",), <traceback object at 0x03263850>)
# INFO     [2018-10-01 12:39:54,256]#  after_close   -> Statistique: TOTAL == 2 , OK == 1, KO == 1
